#
# There is insufficient memory for the Java Runtime Environment to continue.
# Native memory allocation (malloc) failed to allocate 1048576 bytes for AllocateHeap
# Possible reasons:
#   The system is out of physical RAM or swap space
#   The process is running with CompressedOops enabled, and the Java Heap may be blocking the growth of the native heap
# Possible solutions:
#   Reduce memory load on the system
#   Increase physical memory or swap space
#   Check if swap backing store is full
#   Decrease Java heap size (-Xmx/-Xms)
#   Decrease number of Java threads
#   Decrease Java thread stack sizes (-Xss)
#   Set larger code cache with -XX:ReservedCodeCacheSize=
#   JVM is running with Unscaled Compressed Oops mode in which the Java heap is
#     placed in the first 4GB address space. The Java Heap base address is the
#     maximum limit for the native heap growth. Please use -XX:HeapBaseMinAddress
#     to set the Java Heap base and to place the Java Heap above 4GB virtual address.
# This output file may be truncated or incomplete.
#
#  Out of Memory Error (memory/allocation.inline.hpp:61), pid=5060, tid=0x0000000000004b08
#
# JRE version:  (8.0_242-b01) (build )
# Java VM: OpenJDK 64-Bit Server VM (25.242-b01 mixed mode windows-amd64 compressed oops)
# Failed to write core dump. Minidumps are not enabled by default on client versions of Windows
#

---------------  T H R E A D  ---------------

Current thread (0x0000000002c22800):  JavaThread "Unknown thread" [_thread_in_vm, id=19208, stack(0x0000000002a90000,0x0000000002b90000)]

Stack: [0x0000000002a90000,0x0000000002b90000]
[error occurred during error reporting (printing stack bounds), id 0xc0000005]

Native frames: (J=compiled Java code, j=interpreted, Vv=VM code, C=native code)


---------------  P R O C E S S  ---------------

Java Threads: ( => current thread )

Other Threads:

=>0x0000000002c22800 (exited) JavaThread "Unknown thread" [_thread_in_vm, id=19208, stack(0x0000000002a90000,0x0000000002b90000)]

VM state:not at safepoint (normal execution)

VM Mutex/Monitor currently owned by a thread: None

heap address: 0x00000000c8800000, size: 888 MB, Compressed Oops mode: 32-bit
Narrow klass base: 0x0000000000000000, Narrow klass shift: 3
Compressed class space size: 1073741824 Address: 0x0000000100000000

Heap:
 PSYoungGen      total 16896K, used 296K [0x00000000ed800000, 0x00000000eea80000, 0x0000000100000000)
  eden space 14848K, 2% used [0x00000000ed800000,0x00000000ed84a3e0,0x00000000ee680000)
  from space 2048K, 0% used [0x00000000ee880000,0x00000000ee880000,0x00000000eea80000)
  to   space 2048K, 0% used [0x00000000ee680000,0x00000000ee680000,0x00000000ee880000)
 ParOldGen       total 38400K, used 0K [0x00000000c8800000, 0x00000000cad80000, 0x00000000ed800000)
  object space 38400K, 0% used [0x00000000c8800000,0x00000000c8800000,0x00000000cad80000)
 Metaspace       used 779K, capacity 4480K, committed 4480K, reserved 1056768K
  class space    used 74K, capacity 384K, committed 384K, reserved 1048576K

Card table byte_map: [0x00000000120e0000,0x00000000122a0000] byte_map_base: 0x0000000011a9c000

Marking Bits: (ParMarkBitMap*) 0x000000006491f030
 Begin Bits: [0x00000000127d0000, 0x00000000135b0000)
 End Bits:   [0x00000000135b0000, 0x0000000014390000)

Polling page: 0x0000000001180000

CodeCache: size=245760Kb used=327Kb max_used=327Kb free=245432Kb
 bounds [0x0000000002d20000, 0x0000000002f90000, 0x0000000011d20000]
 total_blobs=56 nmethods=0 adapters=38
 compilation: enabled

Compilation events (0 events):
No events

GC Heap History (0 events):
No events

Deoptimization events (0 events):
No events

Classes redefined (0 events):
No events

Internal exceptions (0 events):
No events

Events (10 events):
Event: 0.039 loading class java/lang/Short
Event: 0.039 loading class java/lang/Short done
Event: 0.039 loading class java/lang/Integer
Event: 0.039 loading class java/lang/Integer done
Event: 0.039 loading class java/lang/Long
Event: 0.039 loading class java/lang/Long done
Event: 0.040 loading class java/lang/NullPointerException
Event: 0.040 loading class java/lang/NullPointerException done
Event: 0.040 loading class java/lang/ArithmeticException
Event: 0.040 loading class java/lang/ArithmeticException done


Dynamic libraries:
0x00007ff6abec0000 - 0x00007ff6abef1000 	C:\Program Files\Android\Android Studio\jre\jre\bin\java.exe
0x00007ff905810000 - 0x00007ff905a05000 	C:\WINDOWS\SYSTEM32\ntdll.dll
0x00007ff903910000 - 0x00007ff9039cd000 	C:\WINDOWS\System32\KERNEL32.DLL
0x00007ff903300000 - 0x00007ff9035c8000 	C:\WINDOWS\System32\KERNELBASE.dll
0x00007ff9043a0000 - 0x00007ff90444c000 	C:\WINDOWS\System32\ADVAPI32.dll
0x00007ff9047a0000 - 0x00007ff90483e000 	C:\WINDOWS\System32\msvcrt.dll
0x00007ff9049a0000 - 0x00007ff904a3b000 	C:\WINDOWS\System32\sechost.dll
0x00007ff903ad0000 - 0x00007ff903bfb000 	C:\WINDOWS\System32\RPCRT4.dll
0x00007ff904a40000 - 0x00007ff904be0000 	C:\WINDOWS\System32\USER32.dll
0x00007ff9037f0000 - 0x00007ff903812000 	C:\WINDOWS\System32\win32u.dll
0x00007ff904e40000 - 0x00007ff904e6a000 	C:\WINDOWS\System32\GDI32.dll
0x00007ff903140000 - 0x00007ff90324b000 	C:\WINDOWS\System32\gdi32full.dll
0x00007ff903050000 - 0x00007ff9030ed000 	C:\WINDOWS\System32\msvcp_win.dll
0x00007ff902f50000 - 0x00007ff903050000 	C:\WINDOWS\System32\ucrtbase.dll
0x00007ff8f0a10000 - 0x00007ff8f0caa000 	C:\WINDOWS\WinSxS\amd64_microsoft.windows.common-controls_6595b64144ccf1df_6.0.19041.1052_none_60b8f8fd71f5e8cb\COMCTL32.dll
0x00007ff9039d0000 - 0x00007ff903a00000 	C:\WINDOWS\System32\IMM32.DLL
0x0000000064c70000 - 0x0000000064d42000 	C:\Program Files\Android\Android Studio\jre\jre\bin\msvcr100.dll
0x0000000064150000 - 0x000000006499b000 	C:\Program Files\Android\Android Studio\jre\jre\bin\server\jvm.dll
0x00007ff904790000 - 0x00007ff904798000 	C:\WINDOWS\System32\PSAPI.DLL
0x00007ff8f9dd0000 - 0x00007ff8f9df7000 	C:\WINDOWS\SYSTEM32\WINMM.dll
0x00007ff8f9e00000 - 0x00007ff8f9e0a000 	C:\WINDOWS\SYSTEM32\VERSION.dll
0x00007ff8ed1c0000 - 0x00007ff8ed1c9000 	C:\WINDOWS\SYSTEM32\WSOCK32.dll
0x00007ff904dd0000 - 0x00007ff904e3b000 	C:\WINDOWS\System32\WS2_32.dll
0x00007ff8f0e40000 - 0x00007ff8f0e4f000 	C:\Program Files\Android\Android Studio\jre\jre\bin\verify.dll
0x00007ff8ee870000 - 0x00007ff8ee899000 	C:\Program Files\Android\Android Studio\jre\jre\bin\java.dll
0x00007ff8ee830000 - 0x00007ff8ee846000 	C:\Program Files\Android\Android Studio\jre\jre\bin\zip.dll

VM Arguments:
java_command: org.jetbrains.git4idea.http.GitAskPassApp Username for 'https://github.com': 
java_class_path (initial): C:/Program Files/Android/Android Studio/plugins/git4idea/lib/git4idea-rt.jar;C:/Program Files/Android/Android Studio/lib/xmlrpc-2.0.1.jar;C:/Program Files/Android/Android Studio/lib/commons-codec-1.14.jar;C:/Program Files/Android/Android Studio/lib/util.jar
Launcher Type: SUN_STANDARD

Environment Variables:
JAVA_HOME=C:\Program Files\Java\jdk-15.0.2
PATH=D:\Program Files\Git\mingw64\libexec\git-core;D:\Program Files\Git\mingw64\libexec\git-core;D:\Program Files\Git\mingw64\bin;D:\Program Files\Git\usr\bin;C:\Users\ADMIN\bin;C:\Users\ADMIN\AppData\Local\Programs\Python\Python39\Scripts;C:\Users\ADMIN\AppData\Local\Programs\Python\Python39;C:\Program Files\Java\jdk-15.0.2\bin;C:\Program Files\Common Files\Oracle\Java\javapath;C:\Program Files (x86)\Common Files\Oracle\Java\javapath;C:\WINDOWS\system32;C:\WINDOWS;C:\WINDOWS\System32\Wbem;C:\WINDOWS\System32\WindowsPowerShell\v1.0;C:\WINDOWS\System32\OpenSSH;D:\Program Files\Git\cmd;C:\Program Files\nodejs;C:\ProgramData\chocolatey\bin;D:\xampp\php;C:\ProgramData\ComposerSetup\bin;C:\Program Files\MySQL\MySQL Shell 8.0\bin;C:\Users\ADMIN\AppData\Local\Microsoft\WindowsApps;C:\Program Files\Java\jdk1.8.0_281\bin;D:\Program Files\jdk1.8.0_281\bin;C:\Program Files\JetBrains\IntelliJ IDEA 2020.3.3\bin;C:\Users\ADMIN\AppData\Roaming\npm;D:\Microsoft VS Code\bin;C:\Users\ADMIN\AppData\Roaming\Composer\vendor\bin
USERNAME=Hansaka Dilshan
DISPLAY=:0.0
OS=Windows_NT
PROCESSOR_IDENTIFIER=AMD64 Family 21 Model 101 Stepping 1, AuthenticAMD



---------------  S Y S T E M  ---------------

OS: Windows 10.0 , 64 bit Build 19041 (10.0.19041.1023)

CPU:total 4 (initial active 4) (4 cores per cpu, 1 threads per core) family 21 model 101 stepping 1, cmov, cx8, fxsr, mmx, sse, sse2, sse3, ssse3, sse4.1, sse4.2, popcnt, avx, avx2, aes, clmul, mmxext, 3dnowpref, lzcnt, sse4a, tsc, tscinvbit, tscinv, bmi1

Memory: 4k page, physical 3634872k(433608k free), swap 14644920k(5836k free)

vm_info: OpenJDK 64-Bit Server VM (25.242-b01) for windows-amd64 JRE (1.8.0_242-release-1644-b01), built by "builder" with MS VC++ 10.0 (VS2010)

time: Tue Jul 06 19:44:56 2021
timezone: Sri Lanka Standard Time
elapsed time: 0 seconds (0d 0h 0m 0s)

